This file contains any messages produced by compilers while
running configure, to aid debugging if configure makes a mistake.

It was created by sumo configure 0.16.0, which was
generated by GNU Autoconf 2.68.  Invocation command line was

  $ ./configure --with-python --enable-messages

## --------- ##
## Platform. ##
## --------- ##

hostname = rudhir-OptiPlex-990
uname -m = i686
uname -r = 3.2.0-33-generic-pae
uname -s = Linux
uname -v = #52-Ubuntu SMP Thu Oct 18 16:39:21 UTC 2012

/usr/bin/uname -p = unknown
/bin/uname -X     = unknown

/bin/arch              = unknown
/usr/bin/arch -k       = unknown
/usr/convex/getsysinfo = unknown
/usr/bin/hostinfo      = unknown
/bin/machine           = unknown
/usr/bin/oslevel       = unknown
/bin/universe          = unknown

PATH: /home/rudhir/bin
PATH: /usr/lib/lightdm/lightdm
PATH: /usr/local/sbin
PATH: /usr/local/bin
PATH: /usr/sbin
PATH: /usr/bin
PATH: /sbin
PATH: /bin
PATH: /usr/games


## ----------- ##
## Core tests. ##
## ----------- ##

configure:2511: checking build system type
configure:2525: result: i686-pc-linux-gnu
configure:2545: checking host system type
configure:2558: result: i686-pc-linux-gnu
configure:2578: checking target system type
configure:2591: result: i686-pc-linux-gnu
configure:2638: checking for a BSD-compatible install
configure:2706: result: /usr/bin/install -c
configure:2717: checking whether build environment is sane
configure:2767: result: yes
configure:2908: checking for a thread-safe mkdir -p
configure:2947: result: /bin/mkdir -p
configure:2960: checking for gawk
configure:2990: result: no
configure:2960: checking for mawk
configure:2976: found /usr/bin/mawk
configure:2987: result: mawk
configure:2998: checking whether make sets $(MAKE)
configure:3020: result: yes
configure:3095: checking how to create a ustar tar archive
configure:3108: tar --version
tar (GNU tar) 1.26
Copyright (C) 2011 Free Software Foundation, Inc.
License GPLv3+: GNU GPL version 3 or later <http://gnu.org/licenses/gpl.html>.
This is free software: you are free to change and redistribute it.
There is NO WARRANTY, to the extent permitted by law.

Written by John Gilmore and Jay Fenlason.
configure:3111: $? = 0
configure:3151: tardir=conftest.dir && eval tar --format=ustar -chf - "$tardir" >conftest.tar
configure:3154: $? = 0
configure:3158: tar -xf - <conftest.tar
configure:3161: $? = 0
configure:3174: result: gnutar
configure:3261: checking for gcc
configure:3277: found /usr/bin/gcc
configure:3288: result: gcc
configure:3517: checking for C compiler version
configure:3526: gcc --version >&5
gcc (Ubuntu/Linaro 4.6.3-1ubuntu5) 4.6.3
Copyright (C) 2011 Free Software Foundation, Inc.
This is free software; see the source for copying conditions.  There is NO
warranty; not even for MERCHANTABILITY or FITNESS FOR A PARTICULAR PURPOSE.

configure:3537: $? = 0
configure:3526: gcc -v >&5
Using built-in specs.
COLLECT_GCC=gcc
COLLECT_LTO_WRAPPER=/usr/lib/gcc/i686-linux-gnu/4.6/lto-wrapper
Target: i686-linux-gnu
Configured with: ../src/configure -v --with-pkgversion='Ubuntu/Linaro 4.6.3-1ubuntu5' --with-bugurl=file:///usr/share/doc/gcc-4.6/README.Bugs --enable-languages=c,c++,fortran,objc,obj-c++ --prefix=/usr --program-suffix=-4.6 --enable-shared --enable-linker-build-id --with-system-zlib --libexecdir=/usr/lib --without-included-gettext --enable-threads=posix --with-gxx-include-dir=/usr/include/c++/4.6 --libdir=/usr/lib --enable-nls --with-sysroot=/ --enable-clocale=gnu --enable-libstdcxx-debug --enable-libstdcxx-time=yes --enable-gnu-unique-object --enable-plugin --enable-objc-gc --enable-targets=all --disable-werror --with-arch-32=i686 --with-tune=generic --enable-checking=release --build=i686-linux-gnu --host=i686-linux-gnu --target=i686-linux-gnu
Thread model: posix
gcc version 4.6.3 (Ubuntu/Linaro 4.6.3-1ubuntu5) 
configure:3537: $? = 0
configure:3526: gcc -V >&5
gcc: error: unrecognized option '-V'
gcc: fatal error: no input files
compilation terminated.
configure:3537: $? = 4
configure:3526: gcc -qversion >&5
gcc: error: unrecognized option '-qversion'
gcc: fatal error: no input files
compilation terminated.
configure:3537: $? = 4
configure:3557: checking whether the C compiler works
configure:3579: gcc    conftest.c  >&5
configure:3583: $? = 0
configure:3631: result: yes
configure:3634: checking for C compiler default output file name
configure:3636: result: a.out
configure:3642: checking for suffix of executables
configure:3649: gcc -o conftest    conftest.c  >&5
configure:3653: $? = 0
configure:3675: result: 
configure:3697: checking whether we are cross compiling
configure:3705: gcc -o conftest    conftest.c  >&5
configure:3709: $? = 0
configure:3716: ./conftest
configure:3720: $? = 0
configure:3735: result: no
configure:3740: checking for suffix of object files
configure:3762: gcc -c   conftest.c >&5
configure:3766: $? = 0
configure:3787: result: o
configure:3791: checking whether we are using the GNU C compiler
configure:3810: gcc -c   conftest.c >&5
configure:3810: $? = 0
configure:3819: result: yes
configure:3828: checking whether gcc accepts -g
configure:3848: gcc -c -g  conftest.c >&5
configure:3848: $? = 0
configure:3889: result: yes
configure:3906: checking for gcc option to accept ISO C89
configure:3970: gcc  -c -g -O2  conftest.c >&5
configure:3970: $? = 0
configure:3983: result: none needed
configure:4014: checking for style of include used by make
configure:4042: result: GNU
configure:4067: checking dependency style of gcc
configure:4177: result: gcc3
configure:4197: checking how to run the C preprocessor
configure:4228: gcc -E  conftest.c
configure:4228: $? = 0
configure:4242: gcc -E  conftest.c
conftest.c:11:28: fatal error: ac_nonexistent.h: No such file or directory
compilation terminated.
configure:4242: $? = 1
configure: failed program was:
| /* confdefs.h */
| #define PACKAGE_NAME "sumo"
| #define PACKAGE_TARNAME "sumo"
| #define PACKAGE_VERSION "0.16.0"
| #define PACKAGE_STRING "sumo 0.16.0"
| #define PACKAGE_BUGREPORT ""
| #define PACKAGE_URL ""
| #define PACKAGE "sumo"
| #define VERSION "0.16.0"
| /* end confdefs.h.  */
| #include <ac_nonexistent.h>
configure:4267: result: gcc -E
configure:4287: gcc -E  conftest.c
configure:4287: $? = 0
configure:4301: gcc -E  conftest.c
conftest.c:11:28: fatal error: ac_nonexistent.h: No such file or directory
compilation terminated.
configure:4301: $? = 1
configure: failed program was:
| /* confdefs.h */
| #define PACKAGE_NAME "sumo"
| #define PACKAGE_TARNAME "sumo"
| #define PACKAGE_VERSION "0.16.0"
| #define PACKAGE_STRING "sumo 0.16.0"
| #define PACKAGE_BUGREPORT ""
| #define PACKAGE_URL ""
| #define PACKAGE "sumo"
| #define VERSION "0.16.0"
| /* end confdefs.h.  */
| #include <ac_nonexistent.h>
configure:4387: checking for g++
configure:4403: found /usr/bin/g++
configure:4414: result: g++
configure:4441: checking for C++ compiler version
configure:4450: g++ --version >&5
g++ (Ubuntu/Linaro 4.6.3-1ubuntu5) 4.6.3
Copyright (C) 2011 Free Software Foundation, Inc.
This is free software; see the source for copying conditions.  There is NO
warranty; not even for MERCHANTABILITY or FITNESS FOR A PARTICULAR PURPOSE.

configure:4461: $? = 0
configure:4450: g++ -v >&5
Using built-in specs.
COLLECT_GCC=g++
COLLECT_LTO_WRAPPER=/usr/lib/gcc/i686-linux-gnu/4.6/lto-wrapper
Target: i686-linux-gnu
Configured with: ../src/configure -v --with-pkgversion='Ubuntu/Linaro 4.6.3-1ubuntu5' --with-bugurl=file:///usr/share/doc/gcc-4.6/README.Bugs --enable-languages=c,c++,fortran,objc,obj-c++ --prefix=/usr --program-suffix=-4.6 --enable-shared --enable-linker-build-id --with-system-zlib --libexecdir=/usr/lib --without-included-gettext --enable-threads=posix --with-gxx-include-dir=/usr/include/c++/4.6 --libdir=/usr/lib --enable-nls --with-sysroot=/ --enable-clocale=gnu --enable-libstdcxx-debug --enable-libstdcxx-time=yes --enable-gnu-unique-object --enable-plugin --enable-objc-gc --enable-targets=all --disable-werror --with-arch-32=i686 --with-tune=generic --enable-checking=release --build=i686-linux-gnu --host=i686-linux-gnu --target=i686-linux-gnu
Thread model: posix
gcc version 4.6.3 (Ubuntu/Linaro 4.6.3-1ubuntu5) 
configure:4461: $? = 0
configure:4450: g++ -V >&5
g++: error: unrecognized option '-V'
g++: fatal error: no input files
compilation terminated.
configure:4461: $? = 4
configure:4450: g++ -qversion >&5
g++: error: unrecognized option '-qversion'
g++: fatal error: no input files
compilation terminated.
configure:4461: $? = 4
configure:4465: checking whether we are using the GNU C++ compiler
configure:4484: g++ -c -O2 -DNDEBUG   conftest.cpp >&5
configure:4484: $? = 0
configure:4493: result: yes
configure:4502: checking whether g++ accepts -g
configure:4522: g++ -c -g  conftest.cpp >&5
configure:4522: $? = 0
configure:4563: result: yes
configure:4588: checking dependency style of g++
configure:4698: result: gcc3
configure:4714: checking whether ln -s works
configure:4718: result: yes
configure:4725: checking whether make sets $(MAKE)
configure:4747: result: yes
configure:4800: checking for ranlib
configure:4816: found /usr/bin/ranlib
configure:4827: result: ranlib
configure:4895: checking how to print strings
configure:4922: result: printf
configure:4943: checking for a sed that does not truncate output
configure:5007: result: /bin/sed
configure:5025: checking for grep that handles long lines and -e
configure:5083: result: /bin/grep
configure:5088: checking for egrep
configure:5150: result: /bin/grep -E
configure:5155: checking for fgrep
configure:5217: result: /bin/grep -F
configure:5252: checking for ld used by gcc
configure:5319: result: /usr/bin/ld
configure:5326: checking if the linker (/usr/bin/ld) is GNU ld
configure:5341: result: yes
configure:5353: checking for BSD- or MS-compatible name lister (nm)
configure:5402: result: /usr/bin/nm -B
configure:5532: checking the name lister (/usr/bin/nm -B) interface
configure:5539: gcc -c -g -O2  conftest.c >&5
configure:5542: /usr/bin/nm -B "conftest.o"
configure:5545: output
00000000 B some_variable
configure:5552: result: BSD nm
configure:5556: checking the maximum length of command line arguments
configure:5681: result: 1572864
configure:5698: checking whether the shell understands some XSI constructs
configure:5708: result: yes
configure:5712: checking whether the shell understands "+="
configure:5718: result: yes
configure:5753: checking how to convert i686-pc-linux-gnu file names to i686-pc-linux-gnu format
configure:5793: result: func_convert_file_noop
configure:5800: checking how to convert i686-pc-linux-gnu file names to toolchain format
configure:5820: result: func_convert_file_noop
configure:5827: checking for /usr/bin/ld option to reload object files
configure:5834: result: -r
configure:5908: checking for objdump
configure:5924: found /usr/bin/objdump
configure:5935: result: objdump
configure:5967: checking how to recognize dependent libraries
configure:6169: result: pass_all
configure:6254: checking for dlltool
configure:6284: result: no
configure:6314: checking how to associate runtime and link libraries
configure:6341: result: printf %s\n
configure:6402: checking for ar
configure:6418: found /usr/bin/ar
configure:6429: result: ar
configure:6466: checking for archiver @FILE support
configure:6483: gcc -c -g -O2  conftest.c >&5
configure:6483: $? = 0
configure:6486: ar cru libconftest.a @conftest.lst >&5
configure:6489: $? = 0
configure:6494: ar cru libconftest.a @conftest.lst >&5
ar: conftest.o: No such file or directory
configure:6497: $? = 1
configure:6509: result: @
configure:6567: checking for strip
configure:6583: found /usr/bin/strip
configure:6594: result: strip
configure:6666: checking for ranlib
configure:6693: result: ranlib
configure:6795: checking command to parse /usr/bin/nm -B output from gcc object
configure:6914: gcc -c -g -O2  conftest.c >&5
configure:6917: $? = 0
configure:6921: /usr/bin/nm -B conftest.o \| sed -n -e 's/^.*[ ]\([ABCDGIRSTW][ABCDGIRSTW]*\)[ ][ ]*\([_A-Za-z][_A-Za-z0-9]*\)$/\1 \2 \2/p' | sed '/ __gnu_lto/d' \> conftest.nm
configure:6924: $? = 0
configure:6990: gcc -o conftest -g -O2   conftest.c conftstm.o >&5
configure:6993: $? = 0
configure:7031: result: ok
configure:7068: checking for sysroot
configure:7098: result: no
configure:7341: checking for mt
configure:7357: found /bin/mt
configure:7368: result: mt
configure:7391: checking if mt is a manifest tool
configure:7397: mt '-?'
configure:7405: result: no
configure:8033: checking for ANSI C header files
configure:8053: gcc -c -g -O2  conftest.c >&5
configure:8053: $? = 0
configure:8126: gcc -o conftest -g -O2   conftest.c  >&5
configure:8126: $? = 0
configure:8126: ./conftest
configure:8126: $? = 0
configure:8137: result: yes
configure:8150: checking for sys/types.h
configure:8150: gcc -c -g -O2  conftest.c >&5
configure:8150: $? = 0
configure:8150: result: yes
configure:8150: checking for sys/stat.h
configure:8150: gcc -c -g -O2  conftest.c >&5
configure:8150: $? = 0
configure:8150: result: yes
configure:8150: checking for stdlib.h
configure:8150: gcc -c -g -O2  conftest.c >&5
configure:8150: $? = 0
configure:8150: result: yes
configure:8150: checking for string.h
configure:8150: gcc -c -g -O2  conftest.c >&5
configure:8150: $? = 0
configure:8150: result: yes
configure:8150: checking for memory.h
configure:8150: gcc -c -g -O2  conftest.c >&5
configure:8150: $? = 0
configure:8150: result: yes
configure:8150: checking for strings.h
configure:8150: gcc -c -g -O2  conftest.c >&5
configure:8150: $? = 0
configure:8150: result: yes
configure:8150: checking for inttypes.h
configure:8150: gcc -c -g -O2  conftest.c >&5
configure:8150: $? = 0
configure:8150: result: yes
configure:8150: checking for stdint.h
configure:8150: gcc -c -g -O2  conftest.c >&5
configure:8150: $? = 0
configure:8150: result: yes
configure:8150: checking for unistd.h
configure:8150: gcc -c -g -O2  conftest.c >&5
configure:8150: $? = 0
configure:8150: result: yes
configure:8164: checking for dlfcn.h
configure:8164: gcc -c -g -O2  conftest.c >&5
configure:8164: $? = 0
configure:8164: result: yes
configure:8362: checking for objdir
configure:8377: result: .libs
configure:8644: checking if gcc supports -fno-rtti -fno-exceptions
configure:8662: gcc -c -g -O2  -fno-rtti -fno-exceptions conftest.c >&5
cc1: warning: command line option '-fno-rtti' is valid for C++/ObjC++ but not for C [enabled by default]
configure:8666: $? = 0
configure:8679: result: no
configure:8989: checking for gcc option to produce PIC
configure:8996: result: -fPIC -DPIC
configure:9004: checking if gcc PIC flag -fPIC -DPIC works
configure:9022: gcc -c -g -O2  -fPIC -DPIC -DPIC conftest.c >&5
configure:9026: $? = 0
configure:9039: result: yes
configure:9068: checking if gcc static flag -static works
configure:9096: result: yes
configure:9111: checking if gcc supports -c -o file.o
configure:9132: gcc -c -g -O2  -o out/conftest2.o conftest.c >&5
configure:9136: $? = 0
configure:9158: result: yes
configure:9166: checking if gcc supports -c -o file.o
configure:9213: result: yes
configure:9246: checking whether the gcc linker (/usr/bin/ld) supports shared libraries
configure:10404: result: yes
configure:10441: checking whether -lc should be explicitly linked in
configure:10449: gcc -c -g -O2  conftest.c >&5
configure:10452: $? = 0
configure:10467: gcc -shared  -fPIC -DPIC conftest.o  -v -Wl,-soname -Wl,conftest -o conftest 2\>\&1 \| /bin/grep  -lc  \>/dev/null 2\>\&1
configure:10470: $? = 0
configure:10484: result: no
configure:10649: checking dynamic linker characteristics
configure:11163: gcc -o conftest -g -O2   -Wl,-rpath -Wl,/foo conftest.c  >&5
configure:11163: $? = 0
configure:11385: result: GNU/Linux ld.so
configure:11492: checking how to hardcode library paths into programs
configure:11517: result: immediate
configure:12057: checking whether stripping libraries is possible
configure:12062: result: yes
configure:12097: checking if libtool supports shared libraries
configure:12099: result: yes
configure:12102: checking whether to build shared libraries
configure:12123: result: yes
configure:12126: checking whether to build static libraries
configure:12130: result: yes
configure:12153: checking how to run the C++ preprocessor
configure:12180: g++ -E  conftest.cpp
configure:12180: $? = 0
configure:12194: g++ -E  conftest.cpp
conftest.cpp:23:28: fatal error: ac_nonexistent.h: No such file or directory
compilation terminated.
configure:12194: $? = 1
configure: failed program was:
| /* confdefs.h */
| #define PACKAGE_NAME "sumo"
| #define PACKAGE_TARNAME "sumo"
| #define PACKAGE_VERSION "0.16.0"
| #define PACKAGE_STRING "sumo 0.16.0"
| #define PACKAGE_BUGREPORT ""
| #define PACKAGE_URL ""
| #define PACKAGE "sumo"
| #define VERSION "0.16.0"
| #define STDC_HEADERS 1
| #define HAVE_SYS_TYPES_H 1
| #define HAVE_SYS_STAT_H 1
| #define HAVE_STDLIB_H 1
| #define HAVE_STRING_H 1
| #define HAVE_MEMORY_H 1
| #define HAVE_STRINGS_H 1
| #define HAVE_INTTYPES_H 1
| #define HAVE_STDINT_H 1
| #define HAVE_UNISTD_H 1
| #define HAVE_DLFCN_H 1
| #define LT_OBJDIR ".libs/"
| /* end confdefs.h.  */
| #include <ac_nonexistent.h>
configure:12219: result: g++ -E
configure:12239: g++ -E  conftest.cpp
configure:12239: $? = 0
configure:12253: g++ -E  conftest.cpp
conftest.cpp:23:28: fatal error: ac_nonexistent.h: No such file or directory
compilation terminated.
configure:12253: $? = 1
configure: failed program was:
| /* confdefs.h */
| #define PACKAGE_NAME "sumo"
| #define PACKAGE_TARNAME "sumo"
| #define PACKAGE_VERSION "0.16.0"
| #define PACKAGE_STRING "sumo 0.16.0"
| #define PACKAGE_BUGREPORT ""
| #define PACKAGE_URL ""
| #define PACKAGE "sumo"
| #define VERSION "0.16.0"
| #define STDC_HEADERS 1
| #define HAVE_SYS_TYPES_H 1
| #define HAVE_SYS_STAT_H 1
| #define HAVE_STDLIB_H 1
| #define HAVE_STRING_H 1
| #define HAVE_MEMORY_H 1
| #define HAVE_STRINGS_H 1
| #define HAVE_INTTYPES_H 1
| #define HAVE_STDINT_H 1
| #define HAVE_UNISTD_H 1
| #define HAVE_DLFCN_H 1
| #define LT_OBJDIR ".libs/"
| /* end confdefs.h.  */
| #include <ac_nonexistent.h>
configure:12423: checking for ld used by g++
configure:12490: result: /usr/bin/ld
configure:12497: checking if the linker (/usr/bin/ld) is GNU ld
configure:12512: result: yes
configure:12567: checking whether the g++ linker (/usr/bin/ld) supports shared libraries
configure:13571: result: yes
configure:13606: g++ -c -O2 -DNDEBUG   conftest.cpp >&5
configure:13609: $? = 0
configure:14129: checking for g++ option to produce PIC
configure:14136: result: -fPIC -DPIC
configure:14144: checking if g++ PIC flag -fPIC -DPIC works
configure:14162: g++ -c -O2 -DNDEBUG   -fPIC -DPIC -DPIC conftest.cpp >&5
configure:14166: $? = 0
configure:14179: result: yes
configure:14202: checking if g++ static flag -static works
configure:14230: result: yes
configure:14242: checking if g++ supports -c -o file.o
configure:14263: g++ -c -O2 -DNDEBUG   -o out/conftest2.o conftest.cpp >&5
configure:14267: $? = 0
configure:14289: result: yes
configure:14294: checking if g++ supports -c -o file.o
configure:14341: result: yes
configure:14371: checking whether the g++ linker (/usr/bin/ld) supports shared libraries
configure:14405: result: yes
configure:14548: checking dynamic linker characteristics
configure:15218: result: GNU/Linux ld.so
configure:15271: checking how to hardcode library paths into programs
configure:15296: result: immediate
configure:15507: checking for pkg-config
configure:15525: found /usr/bin/pkg-config
configure:15537: result: /usr/bin/pkg-config
configure:15562: checking pkg-config is at least version 0.9.0
configure:15565: result: yes
configure:15575: checking for XERCES
configure:15582: $PKG_CONFIG --exists --print-errors "xerces-c >= 3.0"
configure:15585: $? = 0
configure:15598: $PKG_CONFIG --exists --print-errors "xerces-c >= 3.0"
configure:15601: $? = 0
configure:15642: result: yes
configure:15744: checking for main in -lxerces-c
configure:15763: gcc -o conftest -g -O2   conftest.c -lxerces-c   >&5
configure:15763: $? = 0
configure:15773: result: yes
configure:15838: checking xercesc/util/XercesVersion.hpp usability
configure:15838: gcc -c -g -O2  -I/usr/local/include -I/usr/include conftest.c >&5
configure:15838: $? = 0
configure:15838: result: yes
configure:15838: checking xercesc/util/XercesVersion.hpp presence
configure:15838: gcc -E  -I/usr/local/include -I/usr/include conftest.c
configure:15838: $? = 0
configure:15838: result: yes
configure:15838: checking for xercesc/util/XercesVersion.hpp
configure:15838: result: yes
configure:15891: checking for main in -lproj
configure:15910: gcc -o conftest -g -O2   conftest.c -lproj   >&5
configure:15910: $? = 0
configure:15920: result: yes
configure:15983: checking proj_api.h usability
configure:15983: gcc -c -g -O2  conftest.c >&5
configure:15983: $? = 0
configure:15983: result: yes
configure:15983: checking proj_api.h presence
configure:15983: gcc -E  conftest.c
configure:15983: $? = 0
configure:15983: result: yes
configure:15983: checking for proj_api.h
configure:15983: result: yes
configure:16035: checking for main in -lgdal
configure:16054: gcc -o conftest -g -O2   conftest.c -lgdal   >&5
configure:16054: $? = 0
configure:16064: result: yes
configure:16130: checking ogr_api.h usability
configure:16130: gcc -c -g -O2  -I/usr/local/include/gdal -I/usr/include/gdal conftest.c >&5
configure:16130: $? = 0
configure:16130: result: yes
configure:16130: checking ogr_api.h presence
configure:16130: gcc -E  -I/usr/local/include/gdal -I/usr/include/gdal conftest.c
configure:16130: $? = 0
configure:16130: result: yes
configure:16130: checking for ogr_api.h
configure:16130: result: yes
configure:16198: checking for main in -lFOX-1.6
configure:16217: gcc -o conftest -g -O2   conftest.c -lFOX-1.6   >&5
configure:16217: $? = 0
configure:16227: result: yes
configure:16293: checking fxver.h usability
configure:16293: gcc -c -g -O2  -I/usr/local/include/fox-1.6 -I/usr/include/fox-1.6 conftest.c >&5
configure:16293: $? = 0
configure:16293: result: yes
configure:16293: checking fxver.h presence
configure:16293: gcc -E  -I/usr/local/include/fox-1.6 -I/usr/include/fox-1.6 conftest.c
configure:16293: $? = 0
configure:16293: result: yes
configure:16293: checking for fxver.h
configure:16293: result: yes
configure:16329: checking GL/gl.h usability
configure:16329: gcc -c -g -O2  conftest.c >&5
configure:16329: $? = 0
configure:16329: result: yes
configure:16329: checking GL/gl.h presence
configure:16329: gcc -E  conftest.c
configure:16329: $? = 0
configure:16329: result: yes
configure:16329: checking for GL/gl.h
configure:16329: result: yes
configure:16329: checking GL/glu.h usability
configure:16329: gcc -c -g -O2  conftest.c >&5
configure:16329: $? = 0
configure:16329: result: yes
configure:16329: checking GL/glu.h presence
configure:16329: gcc -E  conftest.c
configure:16329: $? = 0
configure:16329: result: yes
configure:16329: checking for GL/glu.h
configure:16329: result: yes
configure:16392: checking Python.h usability
configure:16392: gcc -c -g -O2  -I/usr/include/python2.7 conftest.c >&5
In file included from /usr/include/python2.7/Python.h:8:0,
                 from conftest.c:71:
/usr/include/python2.7/pyconfig.h:1161:0: warning: "_POSIX_C_SOURCE" redefined [enabled by default]
/usr/include/features.h:215:0: note: this is the location of the previous definition
configure:16392: $? = 0
configure:16392: result: yes
configure:16392: checking Python.h presence
configure:16392: gcc -E  -I/usr/include/python2.7 conftest.c
configure:16392: $? = 0
configure:16392: result: yes
configure:16392: checking for Python.h
configure:16392: result: yes
configure:16436: checking for size_t
configure:16436: gcc -c -g -O2  conftest.c >&5
configure:16436: $? = 0
configure:16436: gcc -c -g -O2  conftest.c >&5
conftest.c: In function 'main':
conftest.c:75:21: error: expected expression before ')' token
configure:16436: $? = 1
configure: failed program was:
| /* confdefs.h */
| #define PACKAGE_NAME "sumo"
| #define PACKAGE_TARNAME "sumo"
| #define PACKAGE_VERSION "0.16.0"
| #define PACKAGE_STRING "sumo 0.16.0"
| #define PACKAGE_BUGREPORT ""
| #define PACKAGE_URL ""
| #define PACKAGE "sumo"
| #define VERSION "0.16.0"
| #define STDC_HEADERS 1
| #define HAVE_SYS_TYPES_H 1
| #define HAVE_SYS_STAT_H 1
| #define HAVE_STDLIB_H 1
| #define HAVE_STRING_H 1
| #define HAVE_MEMORY_H 1
| #define HAVE_STRINGS_H 1
| #define HAVE_INTTYPES_H 1
| #define HAVE_STDINT_H 1
| #define HAVE_UNISTD_H 1
| #define HAVE_DLFCN_H 1
| #define LT_OBJDIR ".libs/"
| #define _MESSAGES 1
| #define HAVE_INTERNAL_LANES 1
| #define SUMOReal double
| #define SUMOLong long long int
| #define HAVE_SUBSECOND_TIMESTEPS 1
| #define POSITION_EPS 0.1
| #define OUTPUT_ACCURACY 2
| #define GEO_OUTPUT_ACCURACY 6
| #define SUMOLong long long int
| #define XERCES3_SIZE_t XMLSize_t
| #define VERSION_STRING "0.16.0"
| #define HAVE_PROJ 1
| #define HAVE_GDAL 1
| #define HAVE_GL_GL_H 1
| #define HAVE_GL_GLU_H 1
| #define HAVE_PYTHON 1
| /* end confdefs.h.  */
| #include <stdio.h>
| #ifdef HAVE_SYS_TYPES_H
| # include <sys/types.h>
| #endif
| #ifdef HAVE_SYS_STAT_H
| # include <sys/stat.h>
| #endif
| #ifdef STDC_HEADERS
| # include <stdlib.h>
| # include <stddef.h>
| #else
| # ifdef HAVE_STDLIB_H
| #  include <stdlib.h>
| # endif
| #endif
| #ifdef HAVE_STRING_H
| # if !defined STDC_HEADERS && defined HAVE_MEMORY_H
| #  include <memory.h>
| # endif
| # include <string.h>
| #endif
| #ifdef HAVE_STRINGS_H
| # include <strings.h>
| #endif
| #ifdef HAVE_INTTYPES_H
| # include <inttypes.h>
| #endif
| #ifdef HAVE_STDINT_H
| # include <stdint.h>
| #endif
| #ifdef HAVE_UNISTD_H
| # include <unistd.h>
| #endif
| int
| main ()
| {
| if (sizeof ((size_t)))
| 	    return 0;
|   ;
|   return 0;
| }
configure:16436: result: yes
configure:16449: checking for working alloca.h
configure:16466: gcc -o conftest -g -O2   conftest.c  >&5
configure:16466: $? = 0
configure:16474: result: yes
configure:16482: checking for alloca
configure:16519: gcc -o conftest -g -O2   conftest.c  >&5
configure:16519: $? = 0
configure:16527: result: yes
configure:16636: checking for ANSI C header files
configure:16740: result: yes
configure:16751: checking float.h usability
configure:16751: gcc -c -g -O2  conftest.c >&5
configure:16751: $? = 0
configure:16751: result: yes
configure:16751: checking float.h presence
configure:16751: gcc -E  conftest.c
configure:16751: $? = 0
configure:16751: result: yes
configure:16751: checking for float.h
configure:16751: result: yes
configure:16751: checking limits.h usability
configure:16751: gcc -c -g -O2  conftest.c >&5
configure:16751: $? = 0
configure:16751: result: yes
configure:16751: checking limits.h presence
configure:16751: gcc -E  conftest.c
configure:16751: $? = 0
configure:16751: result: yes
configure:16751: checking for limits.h
configure:16751: result: yes
configure:16751: checking malloc.h usability
configure:16751: gcc -c -g -O2  conftest.c >&5
configure:16751: $? = 0
configure:16751: result: yes
configure:16751: checking malloc.h presence
configure:16751: gcc -E  conftest.c
configure:16751: $? = 0
configure:16751: result: yes
configure:16751: checking for malloc.h
configure:16751: result: yes
configure:16751: checking math.h usability
configure:16751: gcc -c -g -O2  conftest.c >&5
configure:16751: $? = 0
configure:16751: result: yes
configure:16751: checking math.h presence
configure:16751: gcc -E  conftest.c
configure:16751: $? = 0
configure:16751: result: yes
configure:16751: checking for math.h
configure:16751: result: yes
configure:16751: checking stddef.h usability
configure:16751: gcc -c -g -O2  conftest.c >&5
configure:16751: $? = 0
configure:16751: result: yes
configure:16751: checking stddef.h presence
configure:16751: gcc -E  conftest.c
configure:16751: $? = 0
configure:16751: result: yes
configure:16751: checking for stddef.h
configure:16751: result: yes
configure:16751: checking for stdlib.h
configure:16751: result: yes
configure:16751: checking for string.h
configure:16751: result: yes
configure:16751: checking sys/time.h usability
configure:16751: gcc -c -g -O2  conftest.c >&5
configure:16751: $? = 0
configure:16751: result: yes
configure:16751: checking sys/time.h presence
configure:16751: gcc -E  conftest.c
configure:16751: $? = 0
configure:16751: result: yes
configure:16751: checking for sys/time.h
configure:16751: result: yes
configure:16751: checking for unistd.h
configure:16751: result: yes
configure:16751: checking wchar.h usability
configure:16751: gcc -c -g -O2  conftest.c >&5
configure:16751: $? = 0
configure:16751: result: yes
configure:16751: checking wchar.h presence
configure:16751: gcc -E  conftest.c
configure:16751: $? = 0
configure:16751: result: yes
configure:16751: checking for wchar.h
configure:16751: result: yes
configure:16762: checking for stdbool.h that conforms to C99
configure:16829: gcc -c -g -O2  conftest.c >&5
configure:16829: $? = 0
configure:16836: result: yes
configure:16838: checking for _Bool
configure:16838: gcc -c -g -O2  conftest.c >&5
configure:16838: $? = 0
configure:16838: gcc -c -g -O2  conftest.c >&5
conftest.c: In function 'main':
conftest.c:88:20: error: expected expression before ')' token
configure:16838: $? = 1
configure: failed program was:
| /* confdefs.h */
| #define PACKAGE_NAME "sumo"
| #define PACKAGE_TARNAME "sumo"
| #define PACKAGE_VERSION "0.16.0"
| #define PACKAGE_STRING "sumo 0.16.0"
| #define PACKAGE_BUGREPORT ""
| #define PACKAGE_URL ""
| #define PACKAGE "sumo"
| #define VERSION "0.16.0"
| #define STDC_HEADERS 1
| #define HAVE_SYS_TYPES_H 1
| #define HAVE_SYS_STAT_H 1
| #define HAVE_STDLIB_H 1
| #define HAVE_STRING_H 1
| #define HAVE_MEMORY_H 1
| #define HAVE_STRINGS_H 1
| #define HAVE_INTTYPES_H 1
| #define HAVE_STDINT_H 1
| #define HAVE_UNISTD_H 1
| #define HAVE_DLFCN_H 1
| #define LT_OBJDIR ".libs/"
| #define _MESSAGES 1
| #define HAVE_INTERNAL_LANES 1
| #define SUMOReal double
| #define SUMOLong long long int
| #define HAVE_SUBSECOND_TIMESTEPS 1
| #define POSITION_EPS 0.1
| #define OUTPUT_ACCURACY 2
| #define GEO_OUTPUT_ACCURACY 6
| #define SUMOLong long long int
| #define XERCES3_SIZE_t XMLSize_t
| #define VERSION_STRING "0.16.0"
| #define HAVE_PROJ 1
| #define HAVE_GDAL 1
| #define HAVE_GL_GL_H 1
| #define HAVE_GL_GLU_H 1
| #define HAVE_PYTHON 1
| #define HAVE_ALLOCA_H 1
| #define HAVE_ALLOCA 1
| #define STDC_HEADERS 1
| #define HAVE_FLOAT_H 1
| #define HAVE_LIMITS_H 1
| #define HAVE_MALLOC_H 1
| #define HAVE_MATH_H 1
| #define HAVE_STDDEF_H 1
| #define HAVE_STDLIB_H 1
| #define HAVE_STRING_H 1
| #define HAVE_SYS_TIME_H 1
| #define HAVE_UNISTD_H 1
| #define HAVE_WCHAR_H 1
| /* end confdefs.h.  */
| #include <stdio.h>
| #ifdef HAVE_SYS_TYPES_H
| # include <sys/types.h>
| #endif
| #ifdef HAVE_SYS_STAT_H
| # include <sys/stat.h>
| #endif
| #ifdef STDC_HEADERS
| # include <stdlib.h>
| # include <stddef.h>
| #else
| # ifdef HAVE_STDLIB_H
| #  include <stdlib.h>
| # endif
| #endif
| #ifdef HAVE_STRING_H
| # if !defined STDC_HEADERS && defined HAVE_MEMORY_H
| #  include <memory.h>
| # endif
| # include <string.h>
| #endif
| #ifdef HAVE_STRINGS_H
| # include <strings.h>
| #endif
| #ifdef HAVE_INTTYPES_H
| # include <inttypes.h>
| #endif
| #ifdef HAVE_STDINT_H
| # include <stdint.h>
| #endif
| #ifdef HAVE_UNISTD_H
| # include <unistd.h>
| #endif
| int
| main ()
| {
| if (sizeof ((_Bool)))
| 	    return 0;
|   ;
|   return 0;
| }
configure:16838: result: yes
configure:16854: checking for an ANSI C-conforming const
configure:16919: gcc -c -g -O2  conftest.c >&5
configure:16919: $? = 0
configure:16926: result: yes
configure:16934: checking for inline
configure:16950: gcc -c -g -O2  conftest.c >&5
configure:16950: $? = 0
configure:16958: result: inline
configure:16976: checking for size_t
configure:16976: result: yes
configure:16987: checking whether time.h and sys/time.h may both be included
configure:17007: gcc -c -g -O2  conftest.c >&5
configure:17007: $? = 0
configure:17014: result: yes
configure:17022: checking whether struct tm is in sys/time.h or time.h
configure:17042: gcc -c -g -O2  conftest.c >&5
configure:17042: $? = 0
configure:17049: result: time.h
configure:17057: checking for working volatile
configure:17076: gcc -c -g -O2  conftest.c >&5
configure:17076: $? = 0
configure:17083: result: yes
configure:17092: checking for error_at_line
configure:17108: gcc -o conftest -g -O2   conftest.c  >&5
configure:17108: $? = 0
configure:17116: result: yes
configure:17129: checking for stdlib.h
configure:17129: result: yes
configure:17139: checking for GNU libc compatible malloc
configure:17163: gcc -o conftest -g -O2   conftest.c  >&5
configure:17163: $? = 0
configure:17163: ./conftest
configure:17163: $? = 0
configure:17173: result: yes
configure:17197: checking sys/select.h usability
configure:17197: gcc -c -g -O2  conftest.c >&5
configure:17197: $? = 0
configure:17197: result: yes
configure:17197: checking sys/select.h presence
configure:17197: gcc -E  conftest.c
configure:17197: $? = 0
configure:17197: result: yes
configure:17197: checking for sys/select.h
configure:17197: result: yes
configure:17197: checking sys/socket.h usability
configure:17197: gcc -c -g -O2  conftest.c >&5
configure:17197: $? = 0
configure:17197: result: yes
configure:17197: checking sys/socket.h presence
configure:17197: gcc -E  conftest.c
configure:17197: $? = 0
configure:17197: result: yes
configure:17197: checking for sys/socket.h
configure:17197: result: yes
configure:17207: checking types of arguments for select
configure:17235: gcc -c -g -O2  conftest.c >&5
configure:17235: $? = 0
configure:17246: result: int,fd_set *,struct timeval *
configure:17269: checking return type of signal handlers
configure:17287: gcc -c -g -O2  conftest.c >&5
conftest.c: In function 'main':
conftest.c:68:1: error: void value not ignored as it ought to be
configure:17287: $? = 1
configure: failed program was:
| /* confdefs.h */
| #define PACKAGE_NAME "sumo"
| #define PACKAGE_TARNAME "sumo"
| #define PACKAGE_VERSION "0.16.0"
| #define PACKAGE_STRING "sumo 0.16.0"
| #define PACKAGE_BUGREPORT ""
| #define PACKAGE_URL ""
| #define PACKAGE "sumo"
| #define VERSION "0.16.0"
| #define STDC_HEADERS 1
| #define HAVE_SYS_TYPES_H 1
| #define HAVE_SYS_STAT_H 1
| #define HAVE_STDLIB_H 1
| #define HAVE_STRING_H 1
| #define HAVE_MEMORY_H 1
| #define HAVE_STRINGS_H 1
| #define HAVE_INTTYPES_H 1
| #define HAVE_STDINT_H 1
| #define HAVE_UNISTD_H 1
| #define HAVE_DLFCN_H 1
| #define LT_OBJDIR ".libs/"
| #define _MESSAGES 1
| #define HAVE_INTERNAL_LANES 1
| #define SUMOReal double
| #define SUMOLong long long int
| #define HAVE_SUBSECOND_TIMESTEPS 1
| #define POSITION_EPS 0.1
| #define OUTPUT_ACCURACY 2
| #define GEO_OUTPUT_ACCURACY 6
| #define SUMOLong long long int
| #define XERCES3_SIZE_t XMLSize_t
| #define VERSION_STRING "0.16.0"
| #define HAVE_PROJ 1
| #define HAVE_GDAL 1
| #define HAVE_GL_GL_H 1
| #define HAVE_GL_GLU_H 1
| #define HAVE_PYTHON 1
| #define HAVE_ALLOCA_H 1
| #define HAVE_ALLOCA 1
| #define STDC_HEADERS 1
| #define HAVE_FLOAT_H 1
| #define HAVE_LIMITS_H 1
| #define HAVE_MALLOC_H 1
| #define HAVE_MATH_H 1
| #define HAVE_STDDEF_H 1
| #define HAVE_STDLIB_H 1
| #define HAVE_STRING_H 1
| #define HAVE_SYS_TIME_H 1
| #define HAVE_UNISTD_H 1
| #define HAVE_WCHAR_H 1
| #define HAVE__BOOL 1
| #define HAVE_STDBOOL_H 1
| #define TIME_WITH_SYS_TIME 1
| #define HAVE_STDLIB_H 1
| #define HAVE_MALLOC 1
| #define HAVE_SYS_SELECT_H 1
| #define HAVE_SYS_SOCKET_H 1
| #define SELECT_TYPE_ARG1 int
| #define SELECT_TYPE_ARG234 (fd_set *)
| #define SELECT_TYPE_ARG5 (struct timeval *)
| /* end confdefs.h.  */
| #include <sys/types.h>
| #include <signal.h>
| 
| int
| main ()
| {
| return *(signal (0, 0)) (0) == 1;
|   ;
|   return 0;
| }
configure:17294: result: void
configure:17302: checking whether lstat correctly handles trailing slash
configure:17328: gcc -o conftest -g -O2   conftest.c  >&5
configure:17328: $? = 0
configure:17328: ./conftest
configure:17328: $? = 0
configure:17345: result: yes
configure:17364: checking whether stat accepts an empty string
configure:17384: gcc -o conftest -g -O2   conftest.c  >&5
configure:17384: $? = 0
configure:17384: ./conftest
configure:17384: $? = 0
configure:17394: result: no
configure:17413: checking for floor
configure:17413: gcc -o conftest -g -O2   conftest.c  >&5
conftest.c:87:6: warning: conflicting types for built-in function 'floor' [enabled by default]
/tmp/cc1vcvna.o: In function `main':
/home/rudhir/Software/Simulator/SUMO/sumo-0.16.0/conftest.c:98: undefined reference to `floor'
collect2: ld returned 1 exit status
configure:17413: $? = 1
configure: failed program was:
| /* confdefs.h */
| #define PACKAGE_NAME "sumo"
| #define PACKAGE_TARNAME "sumo"
| #define PACKAGE_VERSION "0.16.0"
| #define PACKAGE_STRING "sumo 0.16.0"
| #define PACKAGE_BUGREPORT ""
| #define PACKAGE_URL ""
| #define PACKAGE "sumo"
| #define VERSION "0.16.0"
| #define STDC_HEADERS 1
| #define HAVE_SYS_TYPES_H 1
| #define HAVE_SYS_STAT_H 1
| #define HAVE_STDLIB_H 1
| #define HAVE_STRING_H 1
| #define HAVE_MEMORY_H 1
| #define HAVE_STRINGS_H 1
| #define HAVE_INTTYPES_H 1
| #define HAVE_STDINT_H 1
| #define HAVE_UNISTD_H 1
| #define HAVE_DLFCN_H 1
| #define LT_OBJDIR ".libs/"
| #define _MESSAGES 1
| #define HAVE_INTERNAL_LANES 1
| #define SUMOReal double
| #define SUMOLong long long int
| #define HAVE_SUBSECOND_TIMESTEPS 1
| #define POSITION_EPS 0.1
| #define OUTPUT_ACCURACY 2
| #define GEO_OUTPUT_ACCURACY 6
| #define SUMOLong long long int
| #define XERCES3_SIZE_t XMLSize_t
| #define VERSION_STRING "0.16.0"
| #define HAVE_PROJ 1
| #define HAVE_GDAL 1
| #define HAVE_GL_GL_H 1
| #define HAVE_GL_GLU_H 1
| #define HAVE_PYTHON 1
| #define HAVE_ALLOCA_H 1
| #define HAVE_ALLOCA 1
| #define STDC_HEADERS 1
| #define HAVE_FLOAT_H 1
| #define HAVE_LIMITS_H 1
| #define HAVE_MALLOC_H 1
| #define HAVE_MATH_H 1
| #define HAVE_STDDEF_H 1
| #define HAVE_STDLIB_H 1
| #define HAVE_STRING_H 1
| #define HAVE_SYS_TIME_H 1
| #define HAVE_UNISTD_H 1
| #define HAVE_WCHAR_H 1
| #define HAVE__BOOL 1
| #define HAVE_STDBOOL_H 1
| #define TIME_WITH_SYS_TIME 1
| #define HAVE_STDLIB_H 1
| #define HAVE_MALLOC 1
| #define HAVE_SYS_SELECT_H 1
| #define HAVE_SYS_SOCKET_H 1
| #define SELECT_TYPE_ARG1 int
| #define SELECT_TYPE_ARG234 (fd_set *)
| #define SELECT_TYPE_ARG5 (struct timeval *)
| #define RETSIGTYPE void
| #define LSTAT_FOLLOWS_SLASHED_SYMLINK 1
| /* end confdefs.h.  */
| /* Define floor to an innocuous variant, in case <limits.h> declares floor.
|    For example, HP-UX 11i <limits.h> declares gettimeofday.  */
| #define floor innocuous_floor
| 
| /* System header to define __stub macros and hopefully few prototypes,
|     which can conflict with char floor (); below.
|     Prefer <limits.h> to <assert.h> if __STDC__ is defined, since
|     <limits.h> exists even on freestanding compilers.  */
| 
| #ifdef __STDC__
| # include <limits.h>
| #else
| # include <assert.h>
| #endif
| 
| #undef floor
| 
| /* Override any GCC internal prototype to avoid an error.
|    Use char because int might match the return type of a GCC
|    builtin and then its argument prototype would still apply.  */
| #ifdef __cplusplus
| extern "C"
| #endif
| char floor ();
| /* The GNU C library defines this for functions which it implements
|     to always fail with ENOSYS.  Some functions are actually named
|     something starting with __ and the normal name is an alias.  */
| #if defined __stub_floor || defined __stub___floor
| choke me
| #endif
| 
| int
| main ()
| {
| return floor ();
|   ;
|   return 0;
| }
configure:17413: result: no
configure:17413: checking for getcwd
configure:17413: gcc -o conftest -g -O2   conftest.c  >&5
configure:17413: $? = 0
configure:17413: result: yes
configure:17413: checking for gettimeofday
configure:17413: gcc -o conftest -g -O2   conftest.c  >&5
configure:17413: $? = 0
configure:17413: result: yes
configure:17413: checking for memset
configure:17413: gcc -o conftest -g -O2   conftest.c  >&5
conftest.c:89:6: warning: conflicting types for built-in function 'memset' [enabled by default]
configure:17413: $? = 0
configure:17413: result: yes
configure:17413: checking for pow
configure:17413: gcc -o conftest -g -O2   conftest.c  >&5
conftest.c:90:6: warning: conflicting types for built-in function 'pow' [enabled by default]
/tmp/ccaWpxso.o: In function `main':
/home/rudhir/Software/Simulator/SUMO/sumo-0.16.0/conftest.c:101: undefined reference to `pow'
collect2: ld returned 1 exit status
configure:17413: $? = 1
configure: failed program was:
| /* confdefs.h */
| #define PACKAGE_NAME "sumo"
| #define PACKAGE_TARNAME "sumo"
| #define PACKAGE_VERSION "0.16.0"
| #define PACKAGE_STRING "sumo 0.16.0"
| #define PACKAGE_BUGREPORT ""
| #define PACKAGE_URL ""
| #define PACKAGE "sumo"
| #define VERSION "0.16.0"
| #define STDC_HEADERS 1
| #define HAVE_SYS_TYPES_H 1
| #define HAVE_SYS_STAT_H 1
| #define HAVE_STDLIB_H 1
| #define HAVE_STRING_H 1
| #define HAVE_MEMORY_H 1
| #define HAVE_STRINGS_H 1
| #define HAVE_INTTYPES_H 1
| #define HAVE_STDINT_H 1
| #define HAVE_UNISTD_H 1
| #define HAVE_DLFCN_H 1
| #define LT_OBJDIR ".libs/"
| #define _MESSAGES 1
| #define HAVE_INTERNAL_LANES 1
| #define SUMOReal double
| #define SUMOLong long long int
| #define HAVE_SUBSECOND_TIMESTEPS 1
| #define POSITION_EPS 0.1
| #define OUTPUT_ACCURACY 2
| #define GEO_OUTPUT_ACCURACY 6
| #define SUMOLong long long int
| #define XERCES3_SIZE_t XMLSize_t
| #define VERSION_STRING "0.16.0"
| #define HAVE_PROJ 1
| #define HAVE_GDAL 1
| #define HAVE_GL_GL_H 1
| #define HAVE_GL_GLU_H 1
| #define HAVE_PYTHON 1
| #define HAVE_ALLOCA_H 1
| #define HAVE_ALLOCA 1
| #define STDC_HEADERS 1
| #define HAVE_FLOAT_H 1
| #define HAVE_LIMITS_H 1
| #define HAVE_MALLOC_H 1
| #define HAVE_MATH_H 1
| #define HAVE_STDDEF_H 1
| #define HAVE_STDLIB_H 1
| #define HAVE_STRING_H 1
| #define HAVE_SYS_TIME_H 1
| #define HAVE_UNISTD_H 1
| #define HAVE_WCHAR_H 1
| #define HAVE__BOOL 1
| #define HAVE_STDBOOL_H 1
| #define TIME_WITH_SYS_TIME 1
| #define HAVE_STDLIB_H 1
| #define HAVE_MALLOC 1
| #define HAVE_SYS_SELECT_H 1
| #define HAVE_SYS_SOCKET_H 1
| #define SELECT_TYPE_ARG1 int
| #define SELECT_TYPE_ARG234 (fd_set *)
| #define SELECT_TYPE_ARG5 (struct timeval *)
| #define RETSIGTYPE void
| #define LSTAT_FOLLOWS_SLASHED_SYMLINK 1
| #define HAVE_GETCWD 1
| #define HAVE_GETTIMEOFDAY 1
| #define HAVE_MEMSET 1
| /* end confdefs.h.  */
| /* Define pow to an innocuous variant, in case <limits.h> declares pow.
|    For example, HP-UX 11i <limits.h> declares gettimeofday.  */
| #define pow innocuous_pow
| 
| /* System header to define __stub macros and hopefully few prototypes,
|     which can conflict with char pow (); below.
|     Prefer <limits.h> to <assert.h> if __STDC__ is defined, since
|     <limits.h> exists even on freestanding compilers.  */
| 
| #ifdef __STDC__
| # include <limits.h>
| #else
| # include <assert.h>
| #endif
| 
| #undef pow
| 
| /* Override any GCC internal prototype to avoid an error.
|    Use char because int might match the return type of a GCC
|    builtin and then its argument prototype would still apply.  */
| #ifdef __cplusplus
| extern "C"
| #endif
| char pow ();
| /* The GNU C library defines this for functions which it implements
|     to always fail with ENOSYS.  Some functions are actually named
|     something starting with __ and the normal name is an alias.  */
| #if defined __stub_pow || defined __stub___pow
| choke me
| #endif
| 
| int
| main ()
| {
| return pow ();
|   ;
|   return 0;
| }
configure:17413: result: no
configure:17413: checking for select
configure:17413: gcc -o conftest -g -O2   conftest.c  >&5
configure:17413: $? = 0
configure:17413: result: yes
configure:17413: checking for socket
configure:17413: gcc -o conftest -g -O2   conftest.c  >&5
configure:17413: $? = 0
configure:17413: result: yes
configure:17413: checking for sqrt
configure:17413: gcc -o conftest -g -O2   conftest.c  >&5
conftest.c:92:6: warning: conflicting types for built-in function 'sqrt' [enabled by default]
/tmp/cc3X5Kjn.o: In function `main':
/home/rudhir/Software/Simulator/SUMO/sumo-0.16.0/conftest.c:103: undefined reference to `sqrt'
collect2: ld returned 1 exit status
configure:17413: $? = 1
configure: failed program was:
| /* confdefs.h */
| #define PACKAGE_NAME "sumo"
| #define PACKAGE_TARNAME "sumo"
| #define PACKAGE_VERSION "0.16.0"
| #define PACKAGE_STRING "sumo 0.16.0"
| #define PACKAGE_BUGREPORT ""
| #define PACKAGE_URL ""
| #define PACKAGE "sumo"
| #define VERSION "0.16.0"
| #define STDC_HEADERS 1
| #define HAVE_SYS_TYPES_H 1
| #define HAVE_SYS_STAT_H 1
| #define HAVE_STDLIB_H 1
| #define HAVE_STRING_H 1
| #define HAVE_MEMORY_H 1
| #define HAVE_STRINGS_H 1
| #define HAVE_INTTYPES_H 1
| #define HAVE_STDINT_H 1
| #define HAVE_UNISTD_H 1
| #define HAVE_DLFCN_H 1
| #define LT_OBJDIR ".libs/"
| #define _MESSAGES 1
| #define HAVE_INTERNAL_LANES 1
| #define SUMOReal double
| #define SUMOLong long long int
| #define HAVE_SUBSECOND_TIMESTEPS 1
| #define POSITION_EPS 0.1
| #define OUTPUT_ACCURACY 2
| #define GEO_OUTPUT_ACCURACY 6
| #define SUMOLong long long int
| #define XERCES3_SIZE_t XMLSize_t
| #define VERSION_STRING "0.16.0"
| #define HAVE_PROJ 1
| #define HAVE_GDAL 1
| #define HAVE_GL_GL_H 1
| #define HAVE_GL_GLU_H 1
| #define HAVE_PYTHON 1
| #define HAVE_ALLOCA_H 1
| #define HAVE_ALLOCA 1
| #define STDC_HEADERS 1
| #define HAVE_FLOAT_H 1
| #define HAVE_LIMITS_H 1
| #define HAVE_MALLOC_H 1
| #define HAVE_MATH_H 1
| #define HAVE_STDDEF_H 1
| #define HAVE_STDLIB_H 1
| #define HAVE_STRING_H 1
| #define HAVE_SYS_TIME_H 1
| #define HAVE_UNISTD_H 1
| #define HAVE_WCHAR_H 1
| #define HAVE__BOOL 1
| #define HAVE_STDBOOL_H 1
| #define TIME_WITH_SYS_TIME 1
| #define HAVE_STDLIB_H 1
| #define HAVE_MALLOC 1
| #define HAVE_SYS_SELECT_H 1
| #define HAVE_SYS_SOCKET_H 1
| #define SELECT_TYPE_ARG1 int
| #define SELECT_TYPE_ARG234 (fd_set *)
| #define SELECT_TYPE_ARG5 (struct timeval *)
| #define RETSIGTYPE void
| #define LSTAT_FOLLOWS_SLASHED_SYMLINK 1
| #define HAVE_GETCWD 1
| #define HAVE_GETTIMEOFDAY 1
| #define HAVE_MEMSET 1
| #define HAVE_SELECT 1
| #define HAVE_SOCKET 1
| /* end confdefs.h.  */
| /* Define sqrt to an innocuous variant, in case <limits.h> declares sqrt.
|    For example, HP-UX 11i <limits.h> declares gettimeofday.  */
| #define sqrt innocuous_sqrt
| 
| /* System header to define __stub macros and hopefully few prototypes,
|     which can conflict with char sqrt (); below.
|     Prefer <limits.h> to <assert.h> if __STDC__ is defined, since
|     <limits.h> exists even on freestanding compilers.  */
| 
| #ifdef __STDC__
| # include <limits.h>
| #else
| # include <assert.h>
| #endif
| 
| #undef sqrt
| 
| /* Override any GCC internal prototype to avoid an error.
|    Use char because int might match the return type of a GCC
|    builtin and then its argument prototype would still apply.  */
| #ifdef __cplusplus
| extern "C"
| #endif
| char sqrt ();
| /* The GNU C library defines this for functions which it implements
|     to always fail with ENOSYS.  Some functions are actually named
|     something starting with __ and the normal name is an alias.  */
| #if defined __stub_sqrt || defined __stub___sqrt
| choke me
| #endif
| 
| int
| main ()
| {
| return sqrt ();
|   ;
|   return 0;
| }
configure:17413: result: no
configure:17596: creating ./config.status

## ---------------------- ##
## Running config.status. ##
## ---------------------- ##

This file was extended by sumo config.status 0.16.0, which was
generated by GNU Autoconf 2.68.  Invocation command line was

  CONFIG_FILES    = 
  CONFIG_HEADERS  = 
  CONFIG_LINKS    = 
  CONFIG_COMMANDS = 
  $ ./config.status 

on rudhir-OptiPlex-990

config.status:1307: creating src/Makefile
config.status:1307: creating src/activitygen/Makefile
config.status:1307: creating src/activitygen/activities/Makefile
config.status:1307: creating src/activitygen/city/Makefile
config.status:1307: creating src/foreign/Makefile
config.status:1307: creating src/foreign/eulerspiral/Makefile
config.status:1307: creating src/foreign/gl2ps/Makefile
config.status:1307: creating src/foreign/mersenne/Makefile
config.status:1307: creating src/foreign/nvwa/Makefile
config.status:1307: creating src/foreign/polyfonts/Makefile
config.status:1307: creating src/foreign/rtree/Makefile
config.status:1307: creating src/foreign/tcpip/Makefile
config.status:1307: creating src/gui/Makefile
config.status:1307: creating src/gui/dialogs/Makefile
config.status:1307: creating src/guinetload/Makefile
config.status:1307: creating src/guisim/Makefile
config.status:1307: creating src/microsim/Makefile
config.status:1307: creating src/microsim/actions/Makefile
config.status:1307: creating src/microsim/cfmodels/Makefile
config.status:1307: creating src/microsim/devices/Makefile
config.status:1307: creating src/microsim/logging/Makefile
config.status:1307: creating src/microsim/output/Makefile
config.status:1307: creating src/microsim/traffic_lights/Makefile
config.status:1307: creating src/microsim/trigger/Makefile
config.status:1307: creating src/netbuild/Makefile
config.status:1307: creating src/netgen/Makefile
config.status:1307: creating src/netimport/Makefile
config.status:1307: creating src/netimport/vissim/Makefile
config.status:1307: creating src/netimport/vissim/tempstructs/Makefile
config.status:1307: creating src/netimport/vissim/typeloader/Makefile
config.status:1307: creating src/netload/Makefile
config.status:1307: creating src/netwrite/Makefile
config.status:1307: creating src/od2trips/Makefile
config.status:1307: creating src/polyconvert/Makefile
config.status:1307: creating src/router/Makefile
config.status:1307: creating src/dfrouter/Makefile
config.status:1307: creating src/duarouter/Makefile
config.status:1307: creating src/jtrrouter/Makefile
config.status:1307: creating src/traci_testclient/Makefile
config.status:1307: creating src/traci-server/Makefile
config.status:1307: creating src/utils/Makefile
config.status:1307: creating src/utils/common/Makefile
config.status:1307: creating src/utils/distribution/Makefile
config.status:1307: creating src/utils/foxtools/Makefile
config.status:1307: creating src/utils/geom/Makefile
config.status:1307: creating src/utils/gui/Makefile
config.status:1307: creating src/utils/gui/div/Makefile
config.status:1307: creating src/utils/gui/events/Makefile
config.status:1307: creating src/utils/gui/globjects/Makefile
config.status:1307: creating src/utils/gui/images/Makefile
config.status:1307: creating src/utils/gui/settings/Makefile
config.status:1307: creating src/utils/gui/tracker/Makefile
config.status:1307: creating src/utils/gui/windows/Makefile
config.status:1307: creating src/utils/importio/Makefile
config.status:1307: creating src/utils/iodevices/Makefile
config.status:1307: creating src/utils/options/Makefile
config.status:1307: creating src/utils/shapes/Makefile
config.status:1307: creating src/utils/traci/Makefile
config.status:1307: creating src/utils/xml/Makefile
config.status:1307: creating unittest/Makefile
config.status:1307: creating unittest/src/Makefile
config.status:1307: creating unittest/src/microsim/Makefile
config.status:1307: creating unittest/src/netbuild/Makefile
config.status:1307: creating unittest/src/utils/Makefile
config.status:1307: creating unittest/src/utils/common/Makefile
config.status:1307: creating unittest/src/utils/geom/Makefile
config.status:1307: creating unittest/src/utils/iodevices/Makefile
config.status:1307: creating bin/Makefile
config.status:1307: creating Makefile
config.status:1307: creating src/config.h
config.status:1536: executing depfiles commands
config.status:1536: executing libtool commands
configure:20176: result: 
configure:20178: result: Optional features summary
configure:20180: result: -------------------------
configure:20182: result: Enabled: Messages InternalLanes DoublePrecision Subsecond TRACI PROJ GDAL GUI Python
configure:20184: result: Disabled: Debug Profiling MemoryChecks UnitTests

## ---------------- ##
## Cache variables. ##
## ---------------- ##

ac_cv_build=i686-pc-linux-gnu
ac_cv_c_compiler_gnu=yes
ac_cv_c_const=yes
ac_cv_c_inline=inline
ac_cv_c_volatile=yes
ac_cv_cxx_compiler_gnu=yes
ac_cv_env_CCC_set=
ac_cv_env_CCC_value=
ac_cv_env_CC_set=
ac_cv_env_CC_value=
ac_cv_env_CFLAGS_set=
ac_cv_env_CFLAGS_value=
ac_cv_env_CPPFLAGS_set=
ac_cv_env_CPPFLAGS_value=
ac_cv_env_CPP_set=
ac_cv_env_CPP_value=
ac_cv_env_CXXCPP_set=
ac_cv_env_CXXCPP_value=
ac_cv_env_CXXFLAGS_set=
ac_cv_env_CXXFLAGS_value=
ac_cv_env_CXX_set=
ac_cv_env_CXX_value=
ac_cv_env_LDFLAGS_set=
ac_cv_env_LDFLAGS_value=
ac_cv_env_LIBS_set=
ac_cv_env_LIBS_value=
ac_cv_env_PKG_CONFIG_LIBDIR_set=
ac_cv_env_PKG_CONFIG_LIBDIR_value=
ac_cv_env_PKG_CONFIG_PATH_set=
ac_cv_env_PKG_CONFIG_PATH_value=
ac_cv_env_PKG_CONFIG_set=
ac_cv_env_PKG_CONFIG_value=
ac_cv_env_XERCES_CFLAGS_set=
ac_cv_env_XERCES_CFLAGS_value=
ac_cv_env_XERCES_LIBS_set=
ac_cv_env_XERCES_LIBS_value=
ac_cv_env_build_alias_set=
ac_cv_env_build_alias_value=
ac_cv_env_host_alias_set=
ac_cv_env_host_alias_value=
ac_cv_env_target_alias_set=
ac_cv_env_target_alias_value=
ac_cv_func_alloca_works=yes
ac_cv_func_floor=no
ac_cv_func_getcwd=yes
ac_cv_func_gettimeofday=yes
ac_cv_func_lstat_dereferences_slashed_symlink=yes
ac_cv_func_malloc_0_nonnull=yes
ac_cv_func_memset=yes
ac_cv_func_pow=no
ac_cv_func_select=yes
ac_cv_func_select_args='int,fd_set *,struct timeval *'
ac_cv_func_socket=yes
ac_cv_func_sqrt=no
ac_cv_func_stat_empty_string_bug=no
ac_cv_header_GL_gl_h=yes
ac_cv_header_GL_glu_h=yes
ac_cv_header_Python_h=yes
ac_cv_header_dlfcn_h=yes
ac_cv_header_float_h=yes
ac_cv_header_fxver_h=yes
ac_cv_header_inttypes_h=yes
ac_cv_header_limits_h=yes
ac_cv_header_malloc_h=yes
ac_cv_header_math_h=yes
ac_cv_header_memory_h=yes
ac_cv_header_ogr_api_h=yes
ac_cv_header_proj_api_h=yes
ac_cv_header_stdbool_h=yes
ac_cv_header_stdc=yes
ac_cv_header_stddef_h=yes
ac_cv_header_stdint_h=yes
ac_cv_header_stdlib_h=yes
ac_cv_header_string_h=yes
ac_cv_header_strings_h=yes
ac_cv_header_sys_select_h=yes
ac_cv_header_sys_socket_h=yes
ac_cv_header_sys_stat_h=yes
ac_cv_header_sys_time_h=yes
ac_cv_header_sys_types_h=yes
ac_cv_header_time=yes
ac_cv_header_unistd_h=yes
ac_cv_header_wchar_h=yes
ac_cv_header_xercesc_util_XercesVersion_hpp=yes
ac_cv_host=i686-pc-linux-gnu
ac_cv_lib_FOX_1_6___main=yes
ac_cv_lib_error_at_line=yes
ac_cv_lib_gdal___main=yes
ac_cv_lib_proj___main=yes
ac_cv_lib_xerces_c___main=yes
ac_cv_objext=o
ac_cv_path_EGREP='/bin/grep -E'
ac_cv_path_FGREP='/bin/grep -F'
ac_cv_path_GREP=/bin/grep
ac_cv_path_SED=/bin/sed
ac_cv_path_ac_pt_PKG_CONFIG=/usr/bin/pkg-config
ac_cv_path_install='/usr/bin/install -c'
ac_cv_path_mkdir=/bin/mkdir
ac_cv_prog_AWK=mawk
ac_cv_prog_CPP='gcc -E'
ac_cv_prog_CXXCPP='g++ -E'
ac_cv_prog_ac_ct_AR=ar
ac_cv_prog_ac_ct_CC=gcc
ac_cv_prog_ac_ct_CXX=g++
ac_cv_prog_ac_ct_MANIFEST_TOOL=mt
ac_cv_prog_ac_ct_OBJDUMP=objdump
ac_cv_prog_ac_ct_RANLIB=ranlib
ac_cv_prog_ac_ct_STRIP=strip
ac_cv_prog_cc_c89=
ac_cv_prog_cc_g=yes
ac_cv_prog_cxx_g=yes
ac_cv_prog_make_make_set=yes
ac_cv_struct_tm=time.h
ac_cv_target=i686-pc-linux-gnu
ac_cv_type__Bool=yes
ac_cv_type_signal=void
ac_cv_type_size_t=yes
ac_cv_working_alloca_h=yes
am_cv_CC_dependencies_compiler_type=gcc3
am_cv_CXX_dependencies_compiler_type=gcc3
am_cv_prog_tar_ustar=gnutar
lt_cv_ar_at_file=@
lt_cv_archive_cmds_need_lc=no
lt_cv_deplibs_check_method=pass_all
lt_cv_file_magic_cmd='$MAGIC_CMD'
lt_cv_file_magic_test_file=
lt_cv_ld_reload_flag=-r
lt_cv_nm_interface='BSD nm'
lt_cv_objdir=.libs
lt_cv_path_LD=/usr/bin/ld
lt_cv_path_LDCXX=/usr/bin/ld
lt_cv_path_NM='/usr/bin/nm -B'
lt_cv_path_mainfest_tool=no
lt_cv_prog_compiler_c_o=yes
lt_cv_prog_compiler_c_o_CXX=yes
lt_cv_prog_compiler_pic='-fPIC -DPIC'
lt_cv_prog_compiler_pic_CXX='-fPIC -DPIC'
lt_cv_prog_compiler_pic_works=yes
lt_cv_prog_compiler_pic_works_CXX=yes
lt_cv_prog_compiler_rtti_exceptions=no
lt_cv_prog_compiler_static_works=yes
lt_cv_prog_compiler_static_works_CXX=yes
lt_cv_prog_gnu_ld=yes
lt_cv_prog_gnu_ldcxx=yes
lt_cv_sharedlib_from_linklib_cmd='printf %s\n'
lt_cv_shlibpath_overrides_runpath=no
lt_cv_sys_global_symbol_pipe='sed -n -e '\''s/^.*[	 ]\([ABCDGIRSTW][ABCDGIRSTW]*\)[	 ][	 ]*\([_A-Za-z][_A-Za-z0-9]*\)$/\1 \2 \2/p'\'' | sed '\''/ __gnu_lto/d'\'''
lt_cv_sys_global_symbol_to_c_name_address='sed -n -e '\''s/^: \([^ ]*\)[ ]*$/  {\"\1\", (void *) 0},/p'\'' -e '\''s/^[ABCDGIRSTW]* \([^ ]*\) \([^ ]*\)$/  {"\2", (void *) \&\2},/p'\'''
lt_cv_sys_global_symbol_to_c_name_address_lib_prefix='sed -n -e '\''s/^: \([^ ]*\)[ ]*$/  {\"\1\", (void *) 0},/p'\'' -e '\''s/^[ABCDGIRSTW]* \([^ ]*\) \(lib[^ ]*\)$/  {"\2", (void *) \&\2},/p'\'' -e '\''s/^[ABCDGIRSTW]* \([^ ]*\) \([^ ]*\)$/  {"lib\2", (void *) \&\2},/p'\'''
lt_cv_sys_global_symbol_to_cdecl='sed -n -e '\''s/^T .* \(.*\)$/extern int \1();/p'\'' -e '\''s/^[ABCDGIRSTW]* .* \(.*\)$/extern char \1;/p'\'''
lt_cv_sys_max_cmd_len=1572864
lt_cv_to_host_file_cmd=func_convert_file_noop
lt_cv_to_tool_file_cmd=func_convert_file_noop
pkg_cv_XERCES_CFLAGS=' '
pkg_cv_XERCES_LIBS='-lxerces-c  '

## ----------------- ##
## Output variables. ##
## ----------------- ##

ACLOCAL='${SHELL} /home/rudhir/Software/Simulator/SUMO/sumo-0.16.0/missing --run aclocal-1.11'
ALLOCA=''
AMDEPBACKSLASH='\'
AMDEP_FALSE='#'
AMDEP_TRUE=''
AMTAR='${SHELL} /home/rudhir/Software/Simulator/SUMO/sumo-0.16.0/missing --run tar'
AM_CPPFLAGS='-I/home/rudhir/Software/Simulator/SUMO/sumo-0.16.0/./src  -I/usr/include/python2.7  -I/usr/local/include/fox-1.6 -I/usr/include/fox-1.6  -I/usr/local/include/gdal -I/usr/include/gdal  -I/usr/local/include -I/usr/include '
AM_CXXFLAGS=''
AR='ar'
AUTOCONF='${SHELL} /home/rudhir/Software/Simulator/SUMO/sumo-0.16.0/missing --run autoconf'
AUTOHEADER='${SHELL} /home/rudhir/Software/Simulator/SUMO/sumo-0.16.0/missing --run autoheader'
AUTOMAKE='${SHELL} /home/rudhir/Software/Simulator/SUMO/sumo-0.16.0/missing --run automake-1.11'
AWK='mawk'
CC='gcc'
CCDEPMODE='depmode=gcc3'
CFLAGS='-g -O2'
CHECK_MEMORY_LEAKS_FALSE=''
CHECK_MEMORY_LEAKS_TRUE='#'
CPP='gcc -E'
CPPFLAGS=''
CXX='g++'
CXXCPP='g++ -E'
CXXDEPMODE='depmode=gcc3'
CXXFLAGS='-O2 -DNDEBUG '
CYGPATH_W='echo'
DEFS='-DHAVE_CONFIG_H'
DEPDIR='.deps'
DLLTOOL='false'
DSYMUTIL=''
DUMPBIN=''
ECHO_C=''
ECHO_N='-n'
ECHO_T=''
EGREP='/bin/grep -E'
EXEEXT=''
FGREP='/bin/grep -F'
FOX_LDFLAGS=''
GDAL_LDFLAGS=''
GREP='/bin/grep'
INSTALL_DATA='${INSTALL} -m 644'
INSTALL_PROGRAM='${INSTALL}'
INSTALL_SCRIPT='${INSTALL}'
INSTALL_STRIP_PROGRAM='$(install_sh) -c -s'
INTERNAL_FALSE=''
INTERNAL_TRUE='#'
LD='/usr/bin/ld'
LDFLAGS=''
LIBOBJS=''
LIBS=''
LIBTOOL='$(SHELL) $(top_builddir)/libtool'
LIB_FOX='FOX-1.6'
LIB_GDAL='gdal'
LIB_GTEST=''
LIB_PROJ='proj'
LIB_XERCES='xerces-c'
LIPO=''
LN_S='ln -s'
LTLIBOBJS=''
MAKEINFO='${SHELL} /home/rudhir/Software/Simulator/SUMO/sumo-0.16.0/missing --run makeinfo'
MANIFEST_TOOL=':'
MKDIR_P='/bin/mkdir -p'
NM='/usr/bin/nm -B'
NMEDIT=''
OBJDUMP='objdump'
OBJEXT='o'
OSG_LIBS=''
OTOOL64=''
OTOOL=''
PACKAGE='sumo'
PACKAGE_BUGREPORT=''
PACKAGE_NAME='sumo'
PACKAGE_STRING='sumo 0.16.0'
PACKAGE_TARNAME='sumo'
PACKAGE_URL=''
PACKAGE_VERSION='0.16.0'
PATH_SEPARATOR=':'
PKG_CONFIG='/usr/bin/pkg-config'
PKG_CONFIG_LIBDIR=''
PKG_CONFIG_PATH=''
PROJ_LDFLAGS=''
PYTHON_LIBS='-L. -lpython2.7'
RANLIB='ranlib'
SED='/bin/sed'
SET_MAKE=''
SHELL='/bin/bash'
STRIP='strip'
TRACI_FALSE='#'
TRACI_TRUE=''
VERSION='0.16.0'
WITH_GDAL_FALSE='#'
WITH_GDAL_TRUE=''
WITH_GTEST_FALSE=''
WITH_GTEST_TRUE='#'
WITH_GUI_FALSE='#'
WITH_GUI_TRUE=''
WITH_PROJ_FALSE='#'
WITH_PROJ_TRUE=''
WITH_PYTHON_FALSE='#'
WITH_PYTHON_TRUE=''
WITH_VERSION_H_FALSE=''
WITH_VERSION_H_TRUE='#'
XERCES_CFLAGS=' '
XERCES_LDFLAGS=''
XERCES_LIBS='-lxerces-c  '
ac_ct_AR='ar'
ac_ct_CC='gcc'
ac_ct_CXX='g++'
ac_ct_DUMPBIN=''
am__EXEEXT_FALSE=''
am__EXEEXT_TRUE='#'
am__fastdepCC_FALSE='#'
am__fastdepCC_TRUE=''
am__fastdepCXX_FALSE='#'
am__fastdepCXX_TRUE=''
am__include='include'
am__isrc=''
am__leading_dot='.'
am__quote=''
am__tar='tar --format=ustar -chf - "$$tardir"'
am__untar='tar -xf -'
bindir='${exec_prefix}/bin'
build='i686-pc-linux-gnu'
build_alias=''
build_cpu='i686'
build_os='linux-gnu'
build_vendor='pc'
datadir='${datarootdir}'
datarootdir='${prefix}/share'
docdir='${datarootdir}/doc/${PACKAGE_TARNAME}'
dvidir='${docdir}'
exec_prefix='${prefix}'
host='i686-pc-linux-gnu'
host_alias=''
host_cpu='i686'
host_os='linux-gnu'
host_vendor='pc'
htmldir='${docdir}'
includedir='${prefix}/include'
infodir='${datarootdir}/info'
install_sh='${SHELL} /home/rudhir/Software/Simulator/SUMO/sumo-0.16.0/install-sh'
libdir='${exec_prefix}/lib'
libexecdir='${exec_prefix}/libexec'
localedir='${datarootdir}/locale'
localstatedir='${prefix}/var'
mandir='${datarootdir}/man'
mkdir_p='/bin/mkdir -p'
oldincludedir='/usr/include'
pdfdir='${docdir}'
prefix='/usr/local'
program_transform_name='s,x,x,'
psdir='${docdir}'
sbindir='${exec_prefix}/sbin'
sharedstatedir='${prefix}/com'
sysconfdir='${prefix}/etc'
target='i686-pc-linux-gnu'
target_alias=''
target_cpu='i686'
target_os='linux-gnu'
target_vendor='pc'

## ----------- ##
## confdefs.h. ##
## ----------- ##

/* confdefs.h */
#define PACKAGE_NAME "sumo"
#define PACKAGE_TARNAME "sumo"
#define PACKAGE_VERSION "0.16.0"
#define PACKAGE_STRING "sumo 0.16.0"
#define PACKAGE_BUGREPORT ""
#define PACKAGE_URL ""
#define PACKAGE "sumo"
#define VERSION "0.16.0"
#define STDC_HEADERS 1
#define HAVE_SYS_TYPES_H 1
#define HAVE_SYS_STAT_H 1
#define HAVE_STDLIB_H 1
#define HAVE_STRING_H 1
#define HAVE_MEMORY_H 1
#define HAVE_STRINGS_H 1
#define HAVE_INTTYPES_H 1
#define HAVE_STDINT_H 1
#define HAVE_UNISTD_H 1
#define HAVE_DLFCN_H 1
#define LT_OBJDIR ".libs/"
#define _MESSAGES 1
#define HAVE_INTERNAL_LANES 1
#define SUMOReal double
#define SUMOLong long long int
#define HAVE_SUBSECOND_TIMESTEPS 1
#define POSITION_EPS 0.1
#define OUTPUT_ACCURACY 2
#define GEO_OUTPUT_ACCURACY 6
#define SUMOLong long long int
#define XERCES3_SIZE_t XMLSize_t
#define VERSION_STRING "0.16.0"
#define HAVE_PROJ 1
#define HAVE_GDAL 1
#define HAVE_GL_GL_H 1
#define HAVE_GL_GLU_H 1
#define HAVE_PYTHON 1
#define HAVE_ALLOCA_H 1
#define HAVE_ALLOCA 1
#define STDC_HEADERS 1
#define HAVE_FLOAT_H 1
#define HAVE_LIMITS_H 1
#define HAVE_MALLOC_H 1
#define HAVE_MATH_H 1
#define HAVE_STDDEF_H 1
#define HAVE_STDLIB_H 1
#define HAVE_STRING_H 1
#define HAVE_SYS_TIME_H 1
#define HAVE_UNISTD_H 1
#define HAVE_WCHAR_H 1
#define HAVE__BOOL 1
#define HAVE_STDBOOL_H 1
#define TIME_WITH_SYS_TIME 1
#define HAVE_STDLIB_H 1
#define HAVE_MALLOC 1
#define HAVE_SYS_SELECT_H 1
#define HAVE_SYS_SOCKET_H 1
#define SELECT_TYPE_ARG1 int
#define SELECT_TYPE_ARG234 (fd_set *)
#define SELECT_TYPE_ARG5 (struct timeval *)
#define RETSIGTYPE void
#define LSTAT_FOLLOWS_SLASHED_SYMLINK 1
#define HAVE_GETCWD 1
#define HAVE_GETTIMEOFDAY 1
#define HAVE_MEMSET 1
#define HAVE_SELECT 1
#define HAVE_SOCKET 1

configure: exit 0
